260028
260477
261176
261337
261484
261644
261814
261960
262122
262289
262431
262597
262762
262902
263075
317639
317780
317951
318114
318259
318402
318587
2591
2601
2610
3728
3737
3746
3756
3765
3774
3782
3790
3799
3807
3815
3824
3838
3846
3854
3863
3871
3945
3955
3963
3972
3981
3989
3998
4006
4015
4025
4035
4044
4057
4067
4075
4084
4092
4101
4113
4120
4130
4139
4148
4159
4171
4182
4195
4203
4221
4230
4255
4265
4276
4287
4297
4305
4313
4322
4330
4339
4348
4362
4371
4381
4390
4398
4406
4415
4423
4432
4441
4450
4459
4473
4481
4489
4498
4506
4515
4524
4533
4541
4550
4560
4569
4578
4586
4595
4606
4618
4627
4637
4649
4657
4666
4675
4685
4693
5137
5145
5155
5163
5172
5181
5191
5200
5208
5216
5225
5233
5243
5255
5264
5272
5282
5291
5299
5309
5320
5328
5336
5350
5358
5627
5636
5646
5654
5663
5671
5680
5688
5696
5705
5714
5724
5770
5799
5808
5829
5838
5846
5854
5863
5872
5881
5890
20366
20373
20380
20387
20394
20401
20409
20417
20425
20433
20440
20468
20475
20482
20489
20496
20504
21707
21715
21722
18685
18692
18699
18707
18714
18723
18732
18739
18746
18753
18761
18768
18776
18783
18790
18797
18804
18814
18829
18836
18843
18851
18858
18865
18872
18879
18886
18893
18901
18908
18915
18922
18929
18936
18943
18950
18957
18964
18971
18978
18985
18992
18999
19006
19013
19021
19028
19036
19043
19050
19057
19064
19071
19078
19085
19092
19099
19120
19129
19136
19143
19220
19306
19320
19328
19338
19347
19424
19433
19441
19449
19457
19465
19473
19480
19489
19497
19505
19513
19521
19529
19537
19546
19554
19571
19583
19591
19607
19616
19656
19678
19686
19694
19702
19710
19719
19727
19739
19748
19756
19764
19772
19784
19793
19801
19809
19817
19835
19844
19856
19865
19923
19940
20112
20121
20301
20311
20321
20391
20417
20425
20434
20442
20450
20459
20467
20475
20532
20681
20690
20700
20722
20742
20752
20760
20768
20776
20788
20796
20804
20869
20881
20889
20897
21031
21041
21054
21177
21186
21195
21203
21211
21219
21227
21235
21290
21300
21308
21316
21324
21369
21401
21455
21474
21484
21492
21500
21508
21516
21524
21533
21542
21599
21609
21617
21625
21633
21641
21661
21670
21679
21687
21759
21769
21777
21785
21793
21801
21809
21834
21989
21999
22008
22016
22024
22032
22041
22205
22215
22223
22231
22239
22247
22275
22283
22291
22299
22307
22372
22382
22390
22398
22410
22419
22427
22435
22443
22472
22480
22489
22497
22505
22514
22522
22707
22765
22806
22816
22824
22832
23051
23061
23070
23078
23086
23094
23102
23110
23118
23127
23189
23198
23207
23218
23226
23235
23269
23279
23287
23295
23304
23312
23321
23329
23337
23345
23353
23379
23388
23505
23514
23523
23728
23739
23747
23755
24010
24020
24029
24037
24064
24076
24085
24147
24157
24165
24173
24181
24189
24198
24206
24214
24222
24230
24238
24246
24254
24262
24339
24349
24357
24390
24587
24597
24606
10381
10388
10396
10579
10586
10593
10600
10607
10615
10622
10629
10636
10643
10650
10657
10664
10682
10690
10697
10704
10711
10718
10725
10732
10739
10746
10755
10762
10769
10776
10783
10790
10797
10804
10812
10819
10933
10940
10998
11038
11055
11063
11074
11081
11089
11106
11113
11370
11377
11384
11392
11399
11406
11415
11422
11429
11436
11443
11450
11457
11464
11471
11643
11650
11657
11664
11784
11791
11798
11805
11898
11907
11914
11921
11931
11938
11945
11953
11960
11967
11987
11994
12001
12026
12034
12041
12146
12153
12161
12168
12178
12185
12319
12326
12334
12341
12349
12368
12375
12382
12389
12396
12403
12570
12577
12584
12695
12918
12927
12934
12941
12948
12955
12962
12969
12976
13003
13010
13017
13024
13032
13039
13047
13054
13061
13068
13075
13082
13090
13097
13124
13133
13140
13147
13154
13161
13168
13176
13183
13191
13198
13205
13447
13454
13461
13468
13614
13621
13637
13656
13663
13670
13677
13684
13691
13698
13705
13821
13833
14160
14167
14177
14184
14191
14199
14206
14213
14220
14365
14372
14379
14386
14393
14420
14671
14678
14685
14692
14699
14835
14987
14995
15002
15018
15182
15383
15390
15398
15405
15412
15433
15440
15447
15454
15461
15468
15476
15484
15491
15498
15607
15614
15621
15628
15635
15644
15651
15658
15665
15672
15679
15686
3899
3916
3938
3944
3950
4402
4406
4435
4440
4444
4448
4452
4456
4460
4464
4469
8056
8060
8064
8068
8072
8076
8098
8102
8106
8110
8114
8118
8122
8126
8130
8134
8138
8142
8146
8150
8154
8209
8214
8218
8222
8226
8230
8234
8238
8242
8246
8250
8254
8258
8264
8268
8272
8276
8281
8285
8289
8293
8297
8301
8305
8309
8313
8317
8321
8325
8329
8333
8337
8341
8345
8351
8355
8359
8363
8367
8371
8375
8379
8383
8387
8391
8395
8399
8403
8407
8411
8415
8419
8423
8427
8431
8435
8439
8443
8447
8451
8455
8460
8464
8468
8472
8477
8483
8487
8491
8500
8504
8509
8513
8517
8522
8526
8530
8534
8538
8542
8546
8552
8556
8560
8568
8572
8576
8580
8584
8588
8592
8596
8600
8604
8608
8613
8617
8621
8625
8629
8633
8637
8641
8645
8649
8653
8657
8661
8665
8669
8673
8677
8681
8685
8689
8693
8697
8701
8705
8709
8713
8717
8721
8725
8729
8733
8737
8742
8746
8760
8764
8768
8772
8776
8844
8849
8853
8857
8861
8865
8869
8873
8877
8881
8885
8889
8893
8900
8904
8908
8912
8916
8920
8924
8928
8932
8936
8940
8944
9318
9323
9327
9331
9335
9339
9343
9347
9351
9355
9359
9363
9367
9371
9378
9383
9387
9393
9397
9401
9405
9409
9418
9422
9426
9430
9434
9439
9443
9447
9451
9456
9460
9469
9473
9477
9481
9485
9489
9493
9497
9501
9505
9509
9513
9517
9521
9525
9529
9533
9537
9542
9546
9550
9554
9561
9565
9569
9573
9577
9581
9585
9589
9593
9597
9601
9605
9609
9613
9617
9621
9625
9629
9633
9637
9641
9645
9649
9653
9662
9666
9670
9674
9679
9683
9687
9691
9695
9699
9703
9707
9711
9715
9719
9723
9727
9731
9735
9739
9743
9748
9752
9756
9760
9764
9768
9772
9776
9780
9784
9788
9813
9817
9821
9825
9829
9833
9837
9841
9845
9850
9854
9858
9862
9866
9870
9874
9878
9882
9886
9890
9894
9898
9902
9906
9910
9914
9920
9924
9928
9932
9936
9940
9944
9948
9952
9956
9960
9964
9968
9972
9976
9984
9988
9992
9996
10000
10005
10009
10013
10017
10023
10030
10034
10038
10042
10046
10051
10055
10059
10063
10067
10072
10076
10080
10084
10088
10092
10096
10100
10104
10108
10112
10116
10121
10125
10129
10134
10138
10142
10146
10150
10154
10158
10162
10166
10170
10174
10178
10182
10186
10190
10194
10198
10202
10206
10210
10214
10218
10223
10227
10231
10235
10239
10243
10247
10251
10255
10259
10263
10267
10271
10275
10279
10284
10288
10292
10297
10301
10305
10309
10313
10318
10322
10326
10330
10334
10338
10342
10346
10350
10354
10359
10365
10369
10373
10377
10381
10385
10389
10393
10397
10401
10405
10409
10413
10417
10421
10425
10429
10434
10438
10442
10446
10450
10454
10458
10462
10466
10471
10475
10479
10483
10487
10491
10495
10499
10503
10507
10511
10532
10583
10589
10593
10597
10601
10605
10609
10613
10617
10621
10625
10629
10633
10637
10641
10645
10649
10653
10658
10662
10666
10670
10674
10678
10682
10686
10690
10694
10698
10702
10706
10710
10714
10718
10722
10726
10730
10734
10741
10745
10749
10753
10757
10761
10765
10769
10773
10777
10781
10785
10789
10793
10797
10801
10805
10810
10814
10818
10823
10827
10831
10835
10839
10843
10847
10851
10855
10859
10863
10867
10871
10875
10879
10883
10887
10891
10897
10901
10905
10909
10913
10917
10921
10926
10930
10934
10939
10943
10947
10951
10955
10959
10963
10967
10971
10975
10979
10983
10987
10991
10995
10999
11003
11007
11012
11016
11020
11024
11028
11032
11036
11040
11044
11051
11056
11060
11068
11072
11076
11080
11084
11088
11093
11097
11101
11105
11109
11113
11117
11121
11125
11129
11133
11137
11141
11145
11149
11153
11157
11161
11165
11169
11173
11178
11182
11186
11190
11194
11198
11202
11206
11210
11214
11220
11225
11229
11233
11237
11241
11245
11249
11253
11257
11261
11265
11269
11274
11278
11283
11287
11291
11295
11299
11303
11307
11311
11315
11319
11323
11327
11331
11335
11339
11343
11347
11351
11355
11359
11363
11367
11371
11375
11379
11383
11387
11391
11396
11400
11407
11413
11417
11421
11426
11430
11434
11438
11694
11698
11703
11707
11711
11718
11723
11727
11732
11736
11741
11745
11749
11753
11757
11761
11765
11769
11774
11778
11782
11786
11790
11794
11798
11802
11806
11811
11815
11819
11828
11862
11868
11872
11877
11881
11885
11889
11893
11897
11903
11908
11912
11916
11920
11924
11934
11938
11945
11949
11954
11958
11962
11966
11971
11975
11979
11983
11987
11992
11996
12000
12004
12008
12012
12016
12020
12024
12029
12033
12037
12042
12046
12051
12055
12059
12063
12067
12072
12076
12080
12084
12089
12093
12097
12101
12106
12111
12118
12122
12126
12130
12135
12139
12143
12147
12151
12156
12161
12165
12169
12173
12177
12181
12185
12189
12194
12199
12212
12221
12225
12230
12235
12240
12244
12248
12253
12258
12265
12269
12277
12282
12286
12291
12296
12300
12304
12308
12312
12316
12320
12324
12329
12333
12338
12342
12346
12350
12355
12359
12369
12375
12380
12384
12388
12392
12396
12400
12405
12409
12414
12418
12422
12426
12430
12434
12438
12443
12447
12451
12457
12461
12465
12474
12478
12482
12486
12490
12495
12500
12504
12509
12513
12581
12585
12589
12594
12599
12604
12608
12615
12620
12624
12628
12632
12636
12640
12780
12784
12788
12793
12797
12802
12807
12811
12817
12825
12830
12840
12847
12855
12863
12867
12871
12875
12879
12883
12887
12891
12895
12899
12903
12909
12914
12936
12940
12944
12948
12952
12956
12960
12970
12977
12981
12985
12989
12993
13000
13006
13011
13021
13029
13033
13037
13044
13048
13052
